compared [
  [
    'Anatomy',
    'Biochemistry',
    'Biomechanics',
    'Biostatistics',
    'Biophysics',
    'Cytology',
    'Embryology',
    'Genetics',
    'Histology',
    'Immunology',
    'Medical physics',
    'Microbiology',
    'Molecular biology',
    'Neuroscience',
    'Nutrition science and dietetics',
    'Pathology as a science',
    'Pharmacology',
    'Photobiology',
    'Physiology',
    'Radiobiology',
    'Toxicology'
  ],
  [ 'Endocrinology', 'Epidemiology', '' ],
  [
    'Anesthesiology',
    'Cardiology',
    'Critical care medicine',
    'Dentistry',
    'Dermatology',
    'Emergency medicine',
    'First aid',
    'Gastroenterology',
    'General practice / Family medicine',
    'Geriatrics',
    'Gynaecology',
    'Hematology',
    'Hepatology',
    'Infectious disease',
    'Internal medicine',
    'Neurology',
    'Nephrology',
    'Obstetrics',
    'Oncology',
    'Ophthalmology',
    'Optometry',
    'Orthopaedics',
    'Otorhinolaryngology',
    'Pathology',
    'Pediatrics',
    'Preventive medicine',
    'Psychiatry',
    'Pulmonology',
    'Radiology',
    'Sports medicine',
    'Rheumatology',
    'Surgery',
    'Urology'
  ]
]
